[2019-07-04T17:11:07.949] [ERROR] application - ReferenceError: i is not defined
    at Object._callee5$ (D:/learn/todo/src/service/project.js:73:7)
    at tryCatch (D:\learn\todo\node_modules\regenerator-runtime\runtime.js:62:40)
    at Generator.invoke [as _invoke] (D:\learn\todo\node_modules\regenerator-runtime\runtime.js:296:22)
    at Generator.prototype.(anonymous function) [as next] (D:\learn\todo\node_modules\regenerator-runtime\runtime.js:114:21)
    at step (D:\learn\todo\node_modules\babel-runtime\helpers\asyncToGenerator.js:17:30)
    at D:\learn\todo\node_modules\babel-runtime\helpers\asyncToGenerator.js:28:13
    at process._tickCallback (internal/process/next_tick.js:68:7)
[2019-07-04T17:29:16.519] [ERROR] application - ReferenceError: i is not defined
    at Object._callee5$ (D:/learn/todo/src/service/project.js:73:7)
    at tryCatch (D:\learn\todo\node_modules\regenerator-runtime\runtime.js:62:40)
    at Generator.invoke [as _invoke] (D:\learn\todo\node_modules\regenerator-runtime\runtime.js:296:22)
    at Generator.prototype.(anonymous function) [as next] (D:\learn\todo\node_modules\regenerator-runtime\runtime.js:114:21)
    at step (D:\learn\todo\node_modules\babel-runtime\helpers\asyncToGenerator.js:17:30)
    at D:\learn\todo\node_modules\babel-runtime\helpers\asyncToGenerator.js:28:13
    at process._tickCallback (internal/process/next_tick.js:68:7)
[2019-07-04T17:30:00.158] [ERROR] application - ReferenceError: i is not defined
    at Object._callee5$ (D:/learn/todo/src/service/project.js:73:7)
    at tryCatch (D:\learn\todo\node_modules\regenerator-runtime\runtime.js:62:40)
    at Generator.invoke [as _invoke] (D:\learn\todo\node_modules\regenerator-runtime\runtime.js:296:22)
    at Generator.prototype.(anonymous function) [as next] (D:\learn\todo\node_modules\regenerator-runtime\runtime.js:114:21)
    at step (D:\learn\todo\node_modules\babel-runtime\helpers\asyncToGenerator.js:17:30)
    at D:\learn\todo\node_modules\babel-runtime\helpers\asyncToGenerator.js:28:13
    at process._tickCallback (internal/process/next_tick.js:68:7)
